feedback.html     http://outreach.vlabs.ac.in/
index.html     http://outreach.vlabs.ac.in/
objective.html     http://outreach.vlabs.ac.in/
performance-report.html     http://vlab.co.in
posttest.html     http://outreach.vlabs.ac.in/
pretest.html     http://outreach.vlabs.ac.in/
procedure.html     http://outreach.vlabs.ac.in/
references.html     http://www.marginalsoftware.com/HowtoScan/image_histograms.htm
references.html     http://homepages.inf.ed.ac.uk/rbf/HIPR2/histgram.htm
references.html     http://outreach.vlabs.ac.in/
theory.html     http://outreach.vlabs.ac.in/
validator-report.html     http://vlab.co.in
assignment/Introduction.html     http://vlabs.ac.in/index.html
assignment/Introduction.html     http://vlabs.ac.in/index.html
assignment/Introduction.html     http://vlabs.ac.in/index.html#partner
assignment/Introduction.html     http://vlabs.ac.in/computer-science-and-engineering-labs.html
assignment/Introduction.html     http://vlabs.ac.in/index.html#contact
assignment/Introduction.html     http://www.sakshat.ac.in/
assignment/Introduction.html     http://outreach.vlabs.ac.in/
assignment/Introduction.html     http://vlab.co.in/faq
assignment/Prerequisites.html     http://vlabs.ac.in/index.html
assignment/Prerequisites.html     http://vlabs.ac.in/index.html
assignment/Prerequisites.html     http://vlabs.ac.in/index.html#partner
assignment/Prerequisites.html     http://vlabs.ac.in/index.html#contact
assignment/Prerequisites.html     http://vlabs.ac.in/computer-science-and-engineering-labs.html
assignment/Prerequisites.html     http://www.sakshat.ac.in/
assignment/Prerequisites.html     http://outreach.vlabs.ac.in/
assignment/Prerequisites.html     http://vlab.co.in/faq
assignment/content.html     http://virtual-labs.ac.in/feedback/?lab=cse19
assignment/content.html     http://www.sakshat.ac.in/
assignment/content.html     http://outreach.vlabs.ac.in/
assignment/content.html     http://vlab.co.in/faq
assignment/content.html     http://virtual-labs.ac.in/nmeict/
assignment/content.html     http://virtual-labs.ac.in/licensing/
assignment/default.html     http://www.sakshat.ac.in/
assignment/default.html     http://outreach.vlabs.ac.in/
assignment/default.html     http://vlab.co.in/faq
assignment/faq.html     http://vlabs.ac.in/index.html
assignment/faq.html     http://vlabs.ac.in/index.html
assignment/faq.html     http://vlabs.ac.in/index.html#partner
assignment/faq.html     http://vlabs.ac.in/index.html#contact
assignment/faq.html     http://vlabs.ac.in/
assignment/faq.html     http://vlabs.ac.in/pre-requisites.html
assignment/faq.html     http://www.sakshat.ac.in/
assignment/faq.html     http://vlabs-dev.vlabs.ac.in/community/contributing.html
assignment/faq.html     http://outreach.vlabs.ac.in/
assignment/faq.html     http://vlab.co.in/faq
assignment/template.html     http://vlabs.ac.in/index.html
assignment/template.html     http://vlabs.ac.in/index.html
assignment/template.html     http://vlabs.ac.in/index.html#partner
assignment/template.html     http://vlabs.ac.in/index.html#contact
assignment/template.html     http://www.sakshat.ac.in/
assignment/template.html     http://outreach.vlabs.ac.in/
assignment/template.html     http://vlab.co.in/faq
simulation/Introduction.html     http://vlabs.ac.in/index.html
simulation/Introduction.html     http://vlabs.ac.in/index.html
simulation/Introduction.html     http://vlabs.ac.in/index.html#partner
simulation/Introduction.html     http://vlabs.ac.in/index.html#contact
simulation/Introduction.html     http://vlabs.ac.in/computer-science-and-engineering-labs.html
simulation/Introduction.html     http://www.sakshat.ac.in/
simulation/Introduction.html     http://outreach.vlabs.ac.in/
simulation/Introduction.html     http://vlab.co.in/faq
simulation/Prerequisites.html     http://vlabs.ac.in/index.html
simulation/Prerequisites.html     http://vlabs.ac.in/index.html
simulation/Prerequisites.html     http://vlabs.ac.in/index.html#partner
simulation/Prerequisites.html     http://vlabs.ac.in/index.html#contact
simulation/Prerequisites.html     http://vlabs.ac.in/computer-science-and-engineering-labs.html
simulation/Prerequisites.html     http://www.sakshat.ac.in/
simulation/Prerequisites.html     http://outreach.vlabs.ac.in/
simulation/Prerequisites.html     http://vlab.co.in/faq
simulation/content.html     http://virtual-labs.ac.in/feedback/?lab=cse19
simulation/content.html     http://www.sakshat.ac.in/
simulation/content.html     http://outreach.vlabs.ac.in/
simulation/content.html     http://vlab.co.in/faq
simulation/content.html     http://virtual-labs.ac.in/nmeict/
simulation/content.html     http://virtual-labs.ac.in/licensing/
simulation/default.html     http://www.sakshat.ac.in/
simulation/default.html     http://outreach.vlabs.ac.in/
simulation/default.html     http://vlab.co.in/faq
simulation/faq.html     http://vlabs.ac.in/index.html
simulation/faq.html     http://vlabs.ac.in/index.html
simulation/faq.html     http://vlabs.ac.in/index.html#partner
simulation/faq.html     http://vlabs.ac.in/index.html#contact
simulation/faq.html     http://vlabs.ac.in/
simulation/faq.html     http://vlabs.ac.in/pre-requisites.html
simulation/faq.html     http://vlabs-dev.vlabs.ac.in/community/contributing.html
simulation/faq.html     http://www.sakshat.ac.in/
simulation/faq.html     http://outreach.vlabs.ac.in/
simulation/faq.html     http://vlab.co.in/faq
simulation/template.html     http://vlabs.ac.in/index.html
simulation/template.html     http://vlabs.ac.in/index.html
simulation/template.html     http://vlabs.ac.in/index.html#partner
simulation/template.html     http://vlabs.ac.in/index.html#contact
simulation/template.html     http://www.sakshat.ac.in/
simulation/template.html     http://outreach.vlabs.ac.in/
simulation/template.html     http://vlab.co.in/faq
assignment/histo/Assignment.html     http://vlabs.ac.in/index.html
assignment/histo/Assignment.html     http://vlab.co.in/
assignment/histo/Assignment.html     http://vlab.co.in/participating-institutes
assignment/histo/Assignment.html     http://vlab.co.in/contact-us
assignment/histo/Assignment.html     http://vlab.co.in/broad-area-computer-science-and-engineering
assignment/histo/Assignment.html     http://www.sakshat.ac.in/
assignment/histo/Assignment.html     http://outreach.vlabs.ac.in/
assignment/histo/Assignment.html     http://vlab.co.in/faq
assignment/histo/Experiment.html     http://vlabs.ac.in/index.html
assignment/histo/Experiment.html     http://vlab.co.in/
assignment/histo/Experiment.html     http://vlab.co.in/participating-institutes
assignment/histo/Experiment.html     http://vlab.co.in/contact-us
assignment/histo/Experiment.html     http://www.sakshat.ac.in/
assignment/histo/Experiment.html     http://vlab.co.in/broad-area-computer-science-and-engineering
assignment/histo/Experiment.html     http://vlab.co.in/faq
assignment/histo/Experiment.html     http://outreach.vlabs.ac.in/
assignment/histo/Feedback.html     http://vlab.co.in
assignment/histo/Feedback.html     http://vlab.co.in/
assignment/histo/Feedback.html     http://vlab.co.in/participating-institutes
assignment/histo/Feedback.html     http://vlab.co.in/contact-us
assignment/histo/Feedback.html     http://vlab.co.in/broad-area-computer-science-and-engineering
assignment/histo/Feedback.html     http://209.211.220.205/feedback/feedback.html
assignment/histo/Feedback.html     http://www.sakshat.ac.in/
assignment/histo/Feedback.html     http://outreach.vlabs.ac.in/
assignment/histo/Feedback.html     http://vlab.co.in/faq
assignment/histo/Introduction.html     http://vlabs.ac.in/index.html
assignment/histo/Introduction.html     http://vlab.co.in/
assignment/histo/Introduction.html     http://vlab.co.in/participating-institutes
assignment/histo/Introduction.html     http://vlab.co.in/contact-us
assignment/histo/Introduction.html     http://vlab.co.in/broad-area-computer-science-and-engineering
assignment/histo/Introduction.html     http://www.sakshat.ac.in/
assignment/histo/Introduction.html     http://outreach.vlabs.ac.in/
assignment/histo/Introduction.html     http://vlab.co.in/faq
assignment/histo/Objective.html     http://vlabs.ac.in/index.html
assignment/histo/Objective.html     http://vlab.co.in/
assignment/histo/Objective.html     http://vlab.co.in/participating-institutes
assignment/histo/Objective.html     http://vlab.co.in/contact-us
assignment/histo/Objective.html     http://vlab.co.in/broad-area-computer-science-and-engineering
assignment/histo/Objective.html     http://www.sakshat.ac.in/
assignment/histo/Objective.html     http://outreach.vlabs.ac.in/
assignment/histo/Objective.html     http://vlab.co.in/faq
assignment/histo/Procedure.html     http://vlabs.ac.in/index.html
assignment/histo/Procedure.html     http://vlab.co.in/
assignment/histo/Procedure.html     http://vlab.co.in/participating-institutes
assignment/histo/Procedure.html     http://vlab.co.in/contact-us
assignment/histo/Procedure.html     http://vlab.co.in/broad-area-computer-science-and-engineering
assignment/histo/Procedure.html     http://www.sakshat.ac.in/
assignment/histo/Procedure.html     http://outreach.vlabs.ac.in/
assignment/histo/Procedure.html     http://vlab.co.in/faq
assignment/histo/Quizzes.html     http://vlabs.ac.in/index.html
assignment/histo/Quizzes.html     http://vlab.co.in/
assignment/histo/Quizzes.html     http://vlab.co.in/participating-institutes
assignment/histo/Quizzes.html     http://vlab.co.in/contact-us
assignment/histo/Quizzes.html     http://vlab.co.in/broad-area-computer-science-and-engineering
assignment/histo/Quizzes.html     http://www.sakshat.ac.in/
assignment/histo/Quizzes.html     http://outreach.vlabs.ac.in/
assignment/histo/Quizzes.html     http://vlab.co.in/faq
assignment/histo/References.html     http://vlabs.ac.in/index.html
assignment/histo/References.html     http://vlab.co.in/
assignment/histo/References.html     http://vlab.co.in/participating-institutes
assignment/histo/References.html     http://vlab.co.in/contact-us
assignment/histo/References.html     http://vlab.co.in/broad-area-computer-science-and-engineering
assignment/histo/References.html     http://www.marginalsoftware.com/HowtoScan/image_histograms.htm
assignment/histo/References.html     http://homepages.inf.ed.ac.uk/rbf/HIPR2/histgram.htm
assignment/histo/References.html     http://www.sakshat.ac.in/
assignment/histo/References.html     http://outreach.vlabs.ac.in/
assignment/histo/References.html     http://vlab.co.in/faq
assignment/histo/Theory.html     http://vlabs.ac.in/index.html
assignment/histo/Theory.html     http://vlab.co.in/
assignment/histo/Theory.html     http://vlab.co.in/participating-institutes
assignment/histo/Theory.html     http://vlab.co.in/contact-us
assignment/histo/Theory.html     http://vlab.co.in/broad-area-computer-science-and-engineering
assignment/histo/Theory.html     http://www.sakshat.ac.in/
assignment/histo/Theory.html     http://outreach.vlabs.ac.in/
assignment/histo/Theory.html     http://vlab.co.in/faq
assignment/histo/references.html     http://www.marginalsoftware.com/HowtoScan/image_histograms.htm
assignment/histo/references.html     http://homepages.inf.ed.ac.uk/rbf/HIPR2/histgram.htm
simulation/histo/Assignment.html     http://vlabs.ac.in/index.html
simulation/histo/Assignment.html     http://vlab.co.in/
simulation/histo/Assignment.html     http://vlab.co.in/participating-institutes
simulation/histo/Assignment.html     http://vlab.co.in/contact-us
simulation/histo/Assignment.html     http://vlab.co.in/broad-area-computer-science-and-engineering
simulation/histo/Assignment.html     http://www.sakshat.ac.in/
simulation/histo/Assignment.html     http://outreach.vlabs.ac.in/
simulation/histo/Assignment.html     http://vlab.co.in/faq
simulation/histo/Experiment.html     http://vlabs.ac.in/index.html
simulation/histo/Experiment.html     http://vlab.co.in/
simulation/histo/Experiment.html     http://vlab.co.in/participating-institutes
simulation/histo/Experiment.html     http://vlab.co.in/contact-us
simulation/histo/Experiment.html     http://vlab.co.in/broad-area-computer-science-and-engineering
simulation/histo/Experiment.html     http://www.sakshat.ac.in/
simulation/histo/Experiment.html     http://outreach.vlabs.ac.in/
simulation/histo/Experiment.html     http://vlab.co.in/faq
simulation/histo/Feedback.html     http://vlab.co.in
simulation/histo/Feedback.html     http://vlab.co.in/
simulation/histo/Feedback.html     http://vlab.co.in/participating-institutes
simulation/histo/Feedback.html     http://vlab.co.in/contact-us
simulation/histo/Feedback.html     http://vlab.co.in/broad-area-computer-science-and-engineering
simulation/histo/Feedback.html     http://209.211.220.205/feedback/feedback.html
simulation/histo/Feedback.html     http://www.sakshat.ac.in/
simulation/histo/Feedback.html     http://outreach.vlabs.ac.in/
simulation/histo/Feedback.html     http://vlab.co.in/faq
simulation/histo/Introduction.html     http://vlabs.ac.in/index.html
simulation/histo/Introduction.html     http://vlab.co.in/
simulation/histo/Introduction.html     http://vlab.co.in/participating-institutes
simulation/histo/Introduction.html     http://vlab.co.in/contact-us
simulation/histo/Introduction.html     http://vlab.co.in/broad-area-computer-science-and-engineering
simulation/histo/Introduction.html     http://www.sakshat.ac.in/
simulation/histo/Introduction.html     http://outreach.vlabs.ac.in/
simulation/histo/Introduction.html     http://vlab.co.in/faq
simulation/histo/Objective.html     http://vlabs.ac.in/index.html
simulation/histo/Objective.html     http://vlab.co.in/
simulation/histo/Objective.html     http://vlab.co.in/participating-institutes
simulation/histo/Objective.html     http://vlab.co.in/contact-us
simulation/histo/Objective.html     http://vlab.co.in/broad-area-computer-science-and-engineering
simulation/histo/Objective.html     http://www.sakshat.ac.in/
simulation/histo/Objective.html     http://outreach.vlabs.ac.in/
simulation/histo/Objective.html     http://vlab.co.in/faq
simulation/histo/Procedure.html     http://vlabs.ac.in/index.html
simulation/histo/Procedure.html     http://vlab.co.in/
simulation/histo/Procedure.html     http://vlab.co.in/participating-institutes
simulation/histo/Procedure.html     http://vlab.co.in/contact-us
simulation/histo/Procedure.html     http://vlab.co.in/broad-area-computer-science-and-engineering
simulation/histo/Procedure.html     http://www.sakshat.ac.in/
simulation/histo/Procedure.html     http://outreach.vlabs.ac.in/
simulation/histo/Procedure.html     http://vlab.co.in/faq
simulation/histo/Quizzes.html     http://vlabs.ac.in/index.html
simulation/histo/Quizzes.html     http://vlab.co.in/
simulation/histo/Quizzes.html     http://vlab.co.in/participating-institutes
simulation/histo/Quizzes.html     http://vlab.co.in/contact-us
simulation/histo/Quizzes.html     http://vlab.co.in/broad-area-computer-science-and-engineering
simulation/histo/Quizzes.html     http://www.sakshat.ac.in/
simulation/histo/Quizzes.html     http://outreach.vlabs.ac.in/
simulation/histo/Quizzes.html     http://vlab.co.in/faq
simulation/histo/References.html     http://vlabs.ac.in/index.html
simulation/histo/References.html     http://vlab.co.in/
simulation/histo/References.html     http://vlab.co.in/participating-institutes
simulation/histo/References.html     http://vlab.co.in/contact-us
simulation/histo/References.html     http://vlab.co.in/broad-area-computer-science-and-engineering
simulation/histo/References.html     http://www.marginalsoftware.com/HowtoScan/image_histograms.htm
simulation/histo/References.html     http://homepages.inf.ed.ac.uk/rbf/HIPR2/histgram.htm
simulation/histo/References.html     http://www.sakshat.ac.in/
simulation/histo/References.html     http://outreach.vlabs.ac.in/
simulation/histo/References.html     http://vlab.co.in/faq
simulation/histo/Theory.html     http://vlabs.ac.in/index.html
simulation/histo/Theory.html     http://vlab.co.in/
simulation/histo/Theory.html     http://vlab.co.in/participating-institutes
simulation/histo/Theory.html     http://vlab.co.in/contact-us
simulation/histo/Theory.html     http://vlab.co.in/broad-area-computer-science-and-engineering
simulation/histo/Theory.html     http://www.sakshat.ac.in/
simulation/histo/Theory.html     http://outreach.vlabs.ac.in/
simulation/histo/Theory.html     http://vlab.co.in/faq
simulation/histo/references.html     http://www.marginalsoftware.com/HowtoScan/image_histograms.htm
simulation/histo/references.html     http://homepages.inf.ed.ac.uk/rbf/HIPR2/histgram.htm
